#
# There is insufficient memory for the Java Runtime Environment to continue.
# Native memory allocation (malloc) failed to allocate 32744 bytes for ChunkPool::allocate
# Possible reasons:
#   The system is out of physical RAM or swap space
#   The process is running with CompressedOops enabled, and the Java Heap may be blocking the growth of the native heap
# Possible solutions:
#   Reduce memory load on the system
#   Increase physical memory or swap space
#   Check if swap backing store is full
#   Decrease Java heap size (-Xmx/-Xms)
#   Decrease number of Java threads
#   Decrease Java thread stack sizes (-Xss)
#   Set larger code cache with -XX:ReservedCodeCacheSize=
#   JVM is running with Unscaled Compressed Oops mode in which the Java heap is
#     placed in the first 4GB address space. The Java Heap base address is the
#     maximum limit for the native heap growth. Please use -XX:HeapBaseMinAddress
#     to set the Java Heap base and to place the Java Heap above 4GB virtual address.
# This output file may be truncated or incomplete.
#
#  Out of Memory Error (arena.cpp:78), pid=21168, tid=23940
#
# JRE version: OpenJDK Runtime Environment Temurin-17.0.4.1+1 (17.0.4.1+1) (build 17.0.4.1+1)
# Java VM: OpenJDK 64-Bit Server VM Temurin-17.0.4.1+1 (17.0.4.1+1, mixed mode, tiered, compressed oops, compressed class ptrs, g1 gc, windows-amd64)
# No core dump will be written. Minidumps are not enabled by default on client versions of Windows
#

---------------  S U M M A R Y ------------

Command Line: -Dfile.encoding=UTF-8 -XX:+ShowCodeDetailsInExceptionMessages day02aug.Example3

Host: Intel(R) Core(TM) i3-6006U CPU @ 2.00GHz, 4 cores, 3G,  Windows 10 , 64 bit Build 19041 (10.0.19041.928)
Time: Mon Aug  5 19:13:33 2024 India Standard Time elapsed time: 6.521661 seconds (0d 0h 0m 6s)

---------------  T H R E A D  ---------------

Current thread (0x00000248633bd970):  JavaThread "C1 CompilerThread0" daemon [_thread_in_native, id=23940, stack(0x0000008103d00000,0x0000008103e00000)]


Current CompileTask:
C1:   6521 2164       3       sun.nio.fs.WindowsPathParser::parse (384 bytes)

Stack: [0x0000008103d00000,0x0000008103e00000]
Native frames: (J=compiled Java code, j=interpreted, Vv=VM code, C=native code)
V  [jvm.dll+0x67731a]
V  [jvm.dll+0x832284]
V  [jvm.dll+0x833a2e]
V  [jvm.dll+0x834093]
V  [jvm.dll+0x245775]
V  [jvm.dll+0xabfc0]
V  [jvm.dll+0xac30c]
V  [jvm.dll+0x146c21]
V  [jvm.dll+0x146685]
V  [jvm.dll+0x13df0e]
V  [jvm.dll+0x1404c5]
V  [jvm.dll+0x13e6ac]
V  [jvm.dll+0x14715d]
V  [jvm.dll+0x146685]
V  [jvm.dll+0x13df0e]
V  [jvm.dll+0x1404c5]
V  [jvm.dll+0x13e7a4]
V  [jvm.dll+0x14715d]
V  [jvm.dll+0x146685]
V  [jvm.dll+0x13df0e]
V  [jvm.dll+0x1404c5]
V  [jvm.dll+0x13e7a4]
V  [jvm.dll+0x13873f]
V  [jvm.dll+0x148256]
V  [jvm.dll+0x133e50]
V  [jvm.dll+0x1341b0]
V  [jvm.dll+0x134476]
V  [jvm.dll+0x13390a]
V  [jvm.dll+0x1355d1]
V  [jvm.dll+0x227498]
V  [jvm.dll+0x2255e5]
V  [jvm.dll+0x7e7e9b]
V  [jvm.dll+0x7e240a]
V  [jvm.dll+0x6761a5]
C  [ucrtbase.dll+0x21bb2]
C  [KERNEL32.DLL+0x17034]
C  [ntdll.dll+0x52651]


---------------  P R O C E S S  ---------------

Threads class SMR info:
_java_thread_list=0x000002486592da30, length=26, elements={
0x000002484c2e83a0, 0x0000024863386620, 0x0000024863387700, 0x00000248633ab290,
0x00000248633acc60, 0x00000248633afb40, 0x00000248633b0400, 0x00000248633bab80,
0x00000248633bd970, 0x0000024863d08070, 0x0000024863e32350, 0x0000024863e57900,
0x00000248657c3a50, 0x00000248657c43f0, 0x00000248657c48c0, 0x00000248657c6a70,
0x00000248657c60d0, 0x00000248657c5730, 0x00000248657c65a0, 0x00000248657c4d90,
0x00000248657c5260, 0x00000248657c6f40, 0x00000248657c5c00, 0x00000248657c7410,
0x00000248657c3f20, 0x00000248643869c0
}

Java Threads: ( => current thread )
  0x000002484c2e83a0 JavaThread "Forwarding maximizeCurrentWindow on session 9391867ea6edfa4212de3a6faf496e3c to remote" [_thread_blocked, id=25732, stack(0x0000008102e00000,0x0000008102f00000)]
  0x0000024863386620 JavaThread "Reference Handler" daemon [_thread_blocked, id=20416, stack(0x0000008103500000,0x0000008103600000)]
  0x0000024863387700 JavaThread "Finalizer" daemon [_thread_blocked, id=22352, stack(0x0000008103600000,0x0000008103700000)]
  0x00000248633ab290 JavaThread "Signal Dispatcher" daemon [_thread_blocked, id=23872, stack(0x0000008103800000,0x0000008103900000)]
  0x00000248633acc60 JavaThread "Attach Listener" daemon [_thread_blocked, id=19692, stack(0x0000008103900000,0x0000008103a00000)]
  0x00000248633afb40 JavaThread "Service Thread" daemon [_thread_blocked, id=26416, stack(0x0000008103a00000,0x0000008103b00000)]
  0x00000248633b0400 JavaThread "Monitor Deflation Thread" daemon [_thread_blocked, id=24556, stack(0x0000008103b00000,0x0000008103c00000)]
  0x00000248633bab80 JavaThread "C2 CompilerThread0" daemon [_thread_in_native, id=24892, stack(0x0000008103c00000,0x0000008103d00000)]
=>0x00000248633bd970 JavaThread "C1 CompilerThread0" daemon [_thread_in_native, id=23940, stack(0x0000008103d00000,0x0000008103e00000)]
  0x0000024863d08070 JavaThread "Sweeper thread" daemon [_thread_blocked, id=9164, stack(0x0000008103e00000,0x0000008103f00000)]
  0x0000024863e32350 JavaThread "Notification Thread" daemon [_thread_blocked, id=20552, stack(0x0000008103f00000,0x0000008104000000)]
  0x0000024863e57900 JavaThread "Common-Cleaner" daemon [_thread_blocked, id=24796, stack(0x0000008104100000,0x0000008104200000)]
  0x00000248657c3a50 JavaThread "ForkJoinPool.commonPool-worker-1" daemon [_thread_blocked, id=25056, stack(0x0000008104500000,0x0000008104600000)]
  0x00000248657c43f0 JavaThread "HttpClient-1-SelectorManager" daemon [_thread_in_native, id=15964, stack(0x0000008104600000,0x0000008104700000)]
  0x00000248657c48c0 JavaThread "External Process Output Forwarder - C:\Users\Lenovo-PC\.cache\selenium\msedgedriver\win64\127.0.2651.86\msedgedriver.exe" [_thread_in_native, id=21160, stack(0x0000008104700000,0x0000008104800000)]
  0x00000248657c6a70 JavaThread "Driver Service Executor" daemon [_thread_blocked, id=17276, stack(0x0000008104800000,0x0000008104900000)]
  0x00000248657c60d0 JavaThread "Driver Service Executor" daemon [_thread_in_native, id=12152, stack(0x0000008104900000,0x0000008104a00000)]
  0x00000248657c5730 JavaThread "UrlChecker-2" daemon [_thread_blocked, id=4976, stack(0x0000008104a00000,0x0000008104b00000)]
  0x00000248657c65a0 JavaThread "Keep-Alive-Timer" daemon [_thread_blocked, id=23756, stack(0x0000008104c00000,0x0000008104d00000)]
  0x00000248657c4d90 JavaThread "pool-1-thread-1" [_thread_blocked, id=24700, stack(0x0000008104d00000,0x0000008104e00000)]
  0x00000248657c5260 JavaThread "pool-1-thread-2" [_thread_blocked, id=14156, stack(0x0000008104e00000,0x0000008104f00000)]
  0x00000248657c6f40 JavaThread "pool-1-thread-3" [_thread_blocked, id=12292, stack(0x0000008104f00000,0x0000008105000000)]
  0x00000248657c5c00 JavaThread "HttpClient-2-SelectorManager" daemon [_thread_in_native, id=6200, stack(0x0000008105000000,0x0000008105100000)]
  0x00000248657c7410 JavaThread "pool-2-thread-1" [_thread_blocked, id=1552, stack(0x0000008105100000,0x0000008105200000)]
  0x00000248657c3f20 JavaThread "pool-2-thread-2" [_thread_blocked, id=22192, stack(0x0000008105200000,0x0000008105300000)]
  0x00000248643869c0 JavaThread "pool-2-thread-3" [_thread_blocked, id=22460, stack(0x0000008105300000,0x0000008105400000)]

Other Threads:
  0x0000024863370360 VMThread "VM Thread" [stack: 0x0000008103400000,0x0000008103500000] [id=26248]
  0x0000024863e36830 WatcherThread [stack: 0x0000008104000000,0x0000008104100000] [id=7432]
  0x000002484c3237b0 GCTaskThread "GC Thread#0" [stack: 0x0000008102f00000,0x0000008103000000] [id=8652]
  0x0000024864708c80 GCTaskThread "GC Thread#1" [stack: 0x0000008104200000,0x0000008104300000] [id=22464]
  0x000002486477ba70 GCTaskThread "GC Thread#2" [stack: 0x0000008104300000,0x0000008104400000] [id=25580]
  0x000002486477bd20 GCTaskThread "GC Thread#3" [stack: 0x0000008104400000,0x0000008104500000] [id=16304]
  0x000002484c32d690 ConcurrentGCThread "G1 Main Marker" [stack: 0x0000008103000000,0x0000008103100000] [id=19724]
  0x000002484c32f8b0 ConcurrentGCThread "G1 Conc#0" [stack: 0x0000008103100000,0x0000008103200000] [id=23416]
  0x000002484c37e960 ConcurrentGCThread "G1 Refine#0" [stack: 0x0000008103200000,0x0000008103300000] [id=13972]
  0x000002484c380a20 ConcurrentGCThread "G1 Service" [stack: 0x0000008103300000,0x0000008103400000] [id=24816]

Threads with active compile tasks:
C2 CompilerThread0     6628 2169       4       java.util.HashSet::add (20 bytes)
C1 CompilerThread0     6628 2164       3       sun.nio.fs.WindowsPathParser::parse (384 bytes)

VM state: not at safepoint (normal execution)

VM Mutex/Monitor currently owned by a thread: None

Heap address: 0x00000000c1c00000, size: 996 MB, Compressed Oops mode: 32-bit

CDS archive(s) not mapped
Compressed class space mapped at: 0x0000000100000000-0x0000000140000000, reserved size: 1073741824
Narrow klass base: 0x0000000000000000, Narrow klass shift: 3, Narrow klass range: 0x140000000

GC Precious Log:
 CPUs: 4 total, 4 available
 Memory: 3977M
 Large Page Support: Disabled
 NUMA Support: Disabled
 Compressed Oops: Enabled (32-bit)
 Heap Region Size: 1M
 Heap Min Capacity: 8M
 Heap Initial Capacity: 64M
 Heap Max Capacity: 996M
 Pre-touch: Disabled
 Parallel Workers: 4
 Concurrent Workers: 1
 Concurrent Refinement Workers: 4
 Periodic GC: Disabled

Heap:
 garbage-first heap   total 40960K, used 21066K [0x00000000c1c00000, 0x0000000100000000)
  region size 1024K, 13 young (13312K), 2 survivors (2048K)
 Metaspace       used 24035K, committed 24320K, reserved 1073152K
  class space    used 2616K, committed 2752K, reserved 1048576K

Heap Regions: E=young(eden), S=young(survivor), O=old, HS=humongous(starts), HC=humongous(continues), CS=collection set, F=free, OA=open archive, CA=closed archive, TAMS=top-at-mark-start (previous, next)
|   0|0x00000000c1c00000, 0x00000000c1d00000, 0x00000000c1d00000|100%| O|  |TAMS 0x00000000c1d00000, 0x00000000c1c00000| Untracked 
|   1|0x00000000c1d00000, 0x00000000c1e00000, 0x00000000c1e00000|100%| O|  |TAMS 0x00000000c1e00000, 0x00000000c1d00000| Untracked 
|   2|0x00000000c1e00000, 0x00000000c1f00000, 0x00000000c1f00000|100%| O|  |TAMS 0x00000000c1f00000, 0x00000000c1e00000| Untracked 
|   3|0x00000000c1f00000, 0x00000000c2000000, 0x00000000c2000000|100%| O|  |TAMS 0x00000000c2000000, 0x00000000c1f00000| Untracked 
|   4|0x00000000c2000000, 0x00000000c2100000, 0x00000000c2100000|100%| O|  |TAMS 0x00000000c2100000, 0x00000000c2000000| Untracked 
|   5|0x00000000c2100000, 0x00000000c2200000, 0x00000000c2200000|100%| O|  |TAMS 0x00000000c2200000, 0x00000000c2100000| Untracked 
|   6|0x00000000c2200000, 0x00000000c2300000, 0x00000000c2300000|100%| O|  |TAMS 0x00000000c2300000, 0x00000000c2200000| Untracked 
|   7|0x00000000c2300000, 0x00000000c2400000, 0x00000000c2400000|100%| O|  |TAMS 0x00000000c2400000, 0x00000000c2300000| Untracked 
|   8|0x00000000c2400000, 0x00000000c249e400, 0x00000000c2500000| 61%| O|  |TAMS 0x00000000c249e400, 0x00000000c2400000| Untracked 
|   9|0x00000000c2500000, 0x00000000c2500000, 0x00000000c2600000|  0%| F|  |TAMS 0x00000000c2500000, 0x00000000c2500000| Untracked 
|  10|0x00000000c2600000, 0x00000000c2600000, 0x00000000c2700000|  0%| F|  |TAMS 0x00000000c2600000, 0x00000000c2600000| Untracked 
|  11|0x00000000c2700000, 0x00000000c2700000, 0x00000000c2800000|  0%| F|  |TAMS 0x00000000c2700000, 0x00000000c2700000| Untracked 
|  12|0x00000000c2800000, 0x00000000c2800000, 0x00000000c2900000|  0%| F|  |TAMS 0x00000000c2800000, 0x00000000c2800000| Untracked 
|  13|0x00000000c2900000, 0x00000000c2900000, 0x00000000c2a00000|  0%| F|  |TAMS 0x00000000c2900000, 0x00000000c2900000| Untracked 
|  14|0x00000000c2a00000, 0x00000000c2a00000, 0x00000000c2b00000|  0%| F|  |TAMS 0x00000000c2a00000, 0x00000000c2a00000| Untracked 
|  15|0x00000000c2b00000, 0x00000000c2b00000, 0x00000000c2c00000|  0%| F|  |TAMS 0x00000000c2b00000, 0x00000000c2b00000| Untracked 
|  16|0x00000000c2c00000, 0x00000000c2c00000, 0x00000000c2d00000|  0%| F|  |TAMS 0x00000000c2c00000, 0x00000000c2c00000| Untracked 
|  17|0x00000000c2d00000, 0x00000000c2d00000, 0x00000000c2e00000|  0%| F|  |TAMS 0x00000000c2d00000, 0x00000000c2d00000| Untracked 
|  18|0x00000000c2e00000, 0x00000000c2e00000, 0x00000000c2f00000|  0%| F|  |TAMS 0x00000000c2e00000, 0x00000000c2e00000| Untracked 
|  19|0x00000000c2f00000, 0x00000000c2f00000, 0x00000000c3000000|  0%| F|  |TAMS 0x00000000c2f00000, 0x00000000c2f00000| Untracked 
|  20|0x00000000c3000000, 0x00000000c3000000, 0x00000000c3100000|  0%| F|  |TAMS 0x00000000c3000000, 0x00000000c3000000| Untracked 
|  21|0x00000000c3100000, 0x00000000c3100000, 0x00000000c3200000|  0%| F|  |TAMS 0x00000000c3100000, 0x00000000c3100000| Untracked 
|  22|0x00000000c3200000, 0x00000000c3200000, 0x00000000c3300000|  0%| F|  |TAMS 0x00000000c3200000, 0x00000000c3200000| Untracked 
|  23|0x00000000c3300000, 0x00000000c3300000, 0x00000000c3400000|  0%| F|  |TAMS 0x00000000c3300000, 0x00000000c3300000| Untracked 
|  24|0x00000000c3400000, 0x00000000c3400000, 0x00000000c3500000|  0%| F|  |TAMS 0x00000000c3400000, 0x00000000c3400000| Untracked 
|  25|0x00000000c3500000, 0x00000000c3500000, 0x00000000c3600000|  0%| F|  |TAMS 0x00000000c3500000, 0x00000000c3500000| Untracked 
|  26|0x00000000c3600000, 0x00000000c3600000, 0x00000000c3700000|  0%| F|  |TAMS 0x00000000c3600000, 0x00000000c3600000| Untracked 
|  27|0x00000000c3700000, 0x00000000c3800000, 0x00000000c3800000|100%| E|  |TAMS 0x00000000c3700000, 0x00000000c3700000| Complete 
|  28|0x00000000c3800000, 0x00000000c3900000, 0x00000000c3900000|100%| E|CS|TAMS 0x00000000c3800000, 0x00000000c3800000| Complete 
|  29|0x00000000c3900000, 0x00000000c3a00000, 0x00000000c3a00000|100%| E|CS|TAMS 0x00000000c3900000, 0x00000000c3900000| Complete 
|  30|0x00000000c3a00000, 0x00000000c3b00000, 0x00000000c3b00000|100%| E|CS|TAMS 0x00000000c3a00000, 0x00000000c3a00000| Complete 
|  31|0x00000000c3b00000, 0x00000000c3c00000, 0x00000000c3c00000|100%| E|CS|TAMS 0x00000000c3b00000, 0x00000000c3b00000| Complete 
|  32|0x00000000c3c00000, 0x00000000c3d00000, 0x00000000c3d00000|100%| E|CS|TAMS 0x00000000c3c00000, 0x00000000c3c00000| Complete 
|  33|0x00000000c3d00000, 0x00000000c3e00000, 0x00000000c3e00000|100%| E|CS|TAMS 0x00000000c3d00000, 0x00000000c3d00000| Complete 
|  34|0x00000000c3e00000, 0x00000000c3f00000, 0x00000000c3f00000|100%| E|CS|TAMS 0x00000000c3e00000, 0x00000000c3e00000| Complete 
|  35|0x00000000c3f00000, 0x00000000c4000000, 0x00000000c4000000|100%| E|CS|TAMS 0x00000000c3f00000, 0x00000000c3f00000| Complete 
|  36|0x00000000c4000000, 0x00000000c4100000, 0x00000000c4100000|100%| E|CS|TAMS 0x00000000c4000000, 0x00000000c4000000| Complete 
|  56|0x00000000c5400000, 0x00000000c54f45f0, 0x00000000c5500000| 95%| S|CS|TAMS 0x00000000c5400000, 0x00000000c5400000| Complete 
|  57|0x00000000c5500000, 0x00000000c5600000, 0x00000000c5600000|100%| S|CS|TAMS 0x00000000c5500000, 0x00000000c5500000| Complete 
|  63|0x00000000c5b00000, 0x00000000c5c00000, 0x00000000c5c00000|100%| E|CS|TAMS 0x00000000c5b00000, 0x00000000c5b00000| Complete 

Card table byte_map: [0x000002485ebb0000,0x000002485edb0000] _byte_map_base: 0x000002485e5a2000

Marking Bits (Prev, Next): (CMBitMap*) 0x000002484c323d10, (CMBitMap*) 0x000002484c323cd0
 Prev Bits: [0x000002485ff40000, 0x0000024860ed0000)
 Next Bits: [0x000002485efb0000, 0x000002485ff40000)

Polling page: 0x000002484bac0000

Metaspace:

Usage:
  Non-class:     20.92 MB used.
      Class:      2.56 MB used.
       Both:     23.47 MB used.

Virtual space:
  Non-class space:       24.00 MB reserved,      21.06 MB ( 88%) committed,  3 nodes.
      Class space:        1.00 GB reserved,       2.69 MB ( <1%) committed,  1 nodes.
             Both:        1.02 GB reserved,      23.75 MB (  2%) committed. 

Chunk freelists:
   Non-Class:  2.05 MB
       Class:  1.20 MB
        Both:  3.25 MB

MaxMetaspaceSize: unlimited
CompressedClassSpaceSize: 1.00 GB
Initial GC threshold: 21.00 MB
Current GC threshold: 35.44 MB
CDS: off
MetaspaceReclaimPolicy: balanced
 - commit_granule_bytes: 65536.
 - commit_granule_words: 8192.
 - virtual_space_node_default_size: 1048576.
 - enlarge_chunks_in_place: 1.
 - new_chunks_are_fully_committed: 0.
 - uncommit_free_chunks: 1.
 - use_allocation_guard: 0.
 - handle_deallocations: 1.


Internal statistics:

num_allocs_failed_limit: 3.
num_arena_births: 226.
num_arena_deaths: 0.
num_vsnodes_births: 4.
num_vsnodes_deaths: 0.
num_space_committed: 380.
num_space_uncommitted: 0.
num_chunks_returned_to_freelist: 3.
num_chunks_taken_from_freelist: 628.
num_chunk_merges: 3.
num_chunk_splits: 384.
num_chunks_enlarged: 264.
num_purges: 0.
num_inconsistent_stats: 0.

CodeHeap 'non-profiled nmethods': size=120000Kb used=731Kb max_used=731Kb free=119268Kb
 bounds [0x0000024857480000, 0x00000248576f0000, 0x000002485e9b0000]
CodeHeap 'profiled nmethods': size=120000Kb used=4064Kb max_used=4064Kb free=115935Kb
 bounds [0x000002484ff50000, 0x0000024850350000, 0x0000024857480000]
CodeHeap 'non-nmethods': size=5760Kb used=1230Kb max_used=1263Kb free=4529Kb
 bounds [0x000002484f9b0000, 0x000002484fc20000, 0x000002484ff50000]
 total_blobs=2685 nmethods=2151 adapters=446
 compilation: enabled
              stopped_count=0, restarted_count=0
 full_count=0

Compilation events (20 events):
Event: 6.472 Thread 0x00000248633bd970 nmethod 2152 0x000002485033c190 code [0x000002485033c380, 0x000002485033c858]
Event: 6.473 Thread 0x00000248633bd970 2153   !   3       java.nio.ByteBuffer::getArray (121 bytes)
Event: 6.474 Thread 0x00000248633bd970 nmethod 2153 0x000002485033ca90 code [0x000002485033cd00, 0x000002485033d818]
Event: 6.475 Thread 0x00000248633bd970 2156       3       java.nio.HeapByteBuffer::getLong (30 bytes)
Event: 6.476 Thread 0x00000248633bd970 nmethod 2156 0x000002485033de10 code [0x000002485033e040, 0x000002485033e8c8]
Event: 6.476 Thread 0x00000248633bd970 2157       3       jdk.internal.jimage.decompressor.CompressedResourceHeader::readFromResource (104 bytes)
Event: 6.478 Thread 0x00000248633bd970 nmethod 2157 0x000002485033ec90 code [0x000002485033ef20, 0x000002485033faf8]
Event: 6.478 Thread 0x00000248633bd970 2154       3       jdk.internal.module.SystemModuleFinders$SystemModuleReader::read (25 bytes)
Event: 6.479 Thread 0x00000248633bd970 nmethod 2154 0x000002485033ff10 code [0x0000024850340140, 0x0000024850340958]
Event: 6.479 Thread 0x00000248633bd970 2158 %     3       jdk.internal.jimage.ImageStringsReader::stringFromByteBufferMatches @ 15 (138 bytes)
Event: 6.482 Thread 0x00000248633bd970 nmethod 2158% 0x0000024850340c90 code [0x0000024850340f80, 0x0000024850342228]
Event: 6.482 Thread 0x00000248633bd970 2155       3       jdk.internal.module.SystemModuleFinders$SystemModuleReader::findImageLocation (42 bytes)
Event: 6.483 Thread 0x00000248633bd970 nmethod 2155 0x0000024850342a10 code [0x0000024850342c20, 0x0000024850343298]
Event: 6.486 Thread 0x00000248633bd970 2159       3       jdk.internal.misc.Unsafe::weakCompareAndSetLong (11 bytes)
Event: 6.486 Thread 0x00000248633bd970 nmethod 2159 0x0000024850343510 code [0x00000248503436a0, 0x00000248503437d8]
Event: 6.493 Thread 0x00000248633bd970 2160       3       java.io.WinNTFileSystem::normalizePrefix (132 bytes)
Event: 6.496 Thread 0x00000248633bd970 nmethod 2160 0x0000024850343890 code [0x0000024850343cc0, 0x0000024850345d48]
Event: 6.507 Thread 0x00000248633bd970 2162       3       java.util.HashMap::<init> (98 bytes)
Event: 6.509 Thread 0x00000248633bd970 nmethod 2162 0x0000024850346990 code [0x0000024850346cc0, 0x0000024850347d98]
Event: 6.514 Thread 0x00000248633bd970 2164       3       sun.nio.fs.WindowsPathParser::parse (384 bytes)

GC Heap History (8 events):
Event: 0.947 GC heap before
{Heap before GC invocations=0 (full 0):
 garbage-first heap   total 65536K, used 13312K [0x00000000c1c00000, 0x0000000100000000)
  region size 1024K, 13 young (13312K), 0 survivors (0K)
 Metaspace       used 9229K, committed 9408K, reserved 1064960K
  class space    used 810K, committed 896K, reserved 1048576K
}
Event: 0.956 GC heap after
{Heap after GC invocations=1 (full 0):
 garbage-first heap   total 65536K, used 5743K [0x00000000c1c00000, 0x0000000100000000)
  region size 1024K, 2 young (2048K), 2 survivors (2048K)
 Metaspace       used 9229K, committed 9408K, reserved 1064960K
  class space    used 810K, committed 896K, reserved 1048576K
}
Event: 1.607 GC heap before
{Heap before GC invocations=1 (full 0):
 garbage-first heap   total 65536K, used 18031K [0x00000000c1c00000, 0x0000000100000000)
  region size 1024K, 14 young (14336K), 2 survivors (2048K)
 Metaspace       used 13943K, committed 14080K, reserved 1064960K
  class space    used 1301K, committed 1344K, reserved 1048576K
}
Event: 1.621 GC heap after
{Heap after GC invocations=2 (full 0):
 garbage-first heap   total 65536K, used 8670K [0x00000000c1c00000, 0x0000000100000000)
  region size 1024K, 2 young (2048K), 2 survivors (2048K)
 Metaspace       used 13943K, committed 14080K, reserved 1064960K
  class space    used 1301K, committed 1344K, reserved 1048576K
}
Event: 4.292 GC heap before
{Heap before GC invocations=2 (full 0):
 garbage-first heap   total 65536K, used 29150K [0x00000000c1c00000, 0x0000000100000000)
  region size 1024K, 22 young (22528K), 2 survivors (2048K)
 Metaspace       used 19859K, committed 20032K, reserved 1073152K
  class space    used 2037K, committed 2112K, reserved 1048576K
}
Event: 4.312 GC heap after
{Heap after GC invocations=3 (full 0):
 garbage-first heap   total 65536K, used 10683K [0x00000000c1c00000, 0x0000000100000000)
  region size 1024K, 2 young (2048K), 2 survivors (2048K)
 Metaspace       used 19859K, committed 20032K, reserved 1073152K
  class space    used 2037K, committed 2112K, reserved 1048576K
}
Event: 4.571 GC heap before
{Heap before GC invocations=3 (full 0):
 garbage-first heap   total 65536K, used 15803K [0x00000000c1c00000, 0x0000000100000000)
  region size 1024K, 8 young (8192K), 2 survivors (2048K)
 Metaspace       used 21285K, committed 21504K, reserved 1073152K
  class space    used 2239K, committed 2368K, reserved 1048576K
}
Event: 4.576 GC heap after
{Heap after GC invocations=4 (full 0):
 garbage-first heap   total 65536K, used 10826K [0x00000000c1c00000, 0x0000000100000000)
  region size 1024K, 2 young (2048K), 2 survivors (2048K)
 Metaspace       used 21285K, committed 21504K, reserved 1073152K
  class space    used 2239K, committed 2368K, reserved 1048576K
}

Deoptimization events (20 events):
Event: 4.612 Thread 0x00000248657c4d90 Uncommon trap: trap_request=0xffffffde fr.pc=0x0000024857526ac4 relative=0x0000000000000124
Event: 4.612 Thread 0x00000248657c4d90 Uncommon trap: reason=class_check action=maybe_recompile pc=0x0000024857526ac4 method=jdk.internal.misc.Unsafe.allocateUninitializedArray(Ljava/lang/Class;I)Ljava/lang/Object; @ 51 c2
Event: 4.612 Thread 0x00000248657c4d90 DEOPT PACKING pc=0x0000024857526ac4 sp=0x0000008104dfdb70
Event: 4.612 Thread 0x00000248657c4d90 DEOPT UNPACKING pc=0x000002484fa023a3 sp=0x0000008104dfdaf8 mode 2
Event: 4.613 Thread 0x00000248657c4d90 Uncommon trap: trap_request=0xffffffde fr.pc=0x0000024857526ac4 relative=0x0000000000000124
Event: 4.613 Thread 0x00000248657c4d90 Uncommon trap: reason=class_check action=maybe_recompile pc=0x0000024857526ac4 method=jdk.internal.misc.Unsafe.allocateUninitializedArray(Ljava/lang/Class;I)Ljava/lang/Object; @ 51 c2
Event: 4.613 Thread 0x00000248657c4d90 DEOPT PACKING pc=0x0000024857526ac4 sp=0x0000008104dfdb70
Event: 4.613 Thread 0x00000248657c4d90 DEOPT UNPACKING pc=0x000002484fa023a3 sp=0x0000008104dfdaf8 mode 2
Event: 6.352 Thread 0x000002484c2e83a0 Uncommon trap: trap_request=0xffffff45 fr.pc=0x00000248574e7e7c relative=0x000000000000105c
Event: 6.352 Thread 0x000002484c2e83a0 Uncommon trap: reason=unstable_if action=reinterpret pc=0x00000248574e7e7c method=java.util.concurrent.ConcurrentHashMap.putVal(Ljava/lang/Object;Ljava/lang/Object;Z)Ljava/lang/Object; @ 256 c2
Event: 6.352 Thread 0x000002484c2e83a0 DEOPT PACKING pc=0x00000248574e7e7c sp=0x0000008102efeec0
Event: 6.352 Thread 0x000002484c2e83a0 DEOPT UNPACKING pc=0x000002484fa023a3 sp=0x0000008102efee48 mode 2
Event: 6.362 Thread 0x000002484c2e83a0 Uncommon trap: trap_request=0xffffffc6 fr.pc=0x0000024857507d50 relative=0x0000000000000310
Event: 6.362 Thread 0x000002484c2e83a0 Uncommon trap: reason=bimorphic_or_optimized_type_check action=maybe_recompile pc=0x0000024857507d50 method=java.util.HashMap.getNode(Ljava/lang/Object;)Ljava/util/HashMap$Node; @ 128 c2
Event: 6.362 Thread 0x000002484c2e83a0 DEOPT PACKING pc=0x0000024857507d50 sp=0x0000008102efe700
Event: 6.363 Thread 0x000002484c2e83a0 DEOPT UNPACKING pc=0x000002484fa023a3 sp=0x0000008102efe608 mode 2
Event: 6.364 Thread 0x000002484c2e83a0 Uncommon trap: trap_request=0xffffffc6 fr.pc=0x0000024857507d50 relative=0x0000000000000310
Event: 6.364 Thread 0x000002484c2e83a0 Uncommon trap: reason=bimorphic_or_optimized_type_check action=maybe_recompile pc=0x0000024857507d50 method=java.util.HashMap.getNode(Ljava/lang/Object;)Ljava/util/HashMap$Node; @ 128 c2
Event: 6.364 Thread 0x000002484c2e83a0 DEOPT PACKING pc=0x0000024857507d50 sp=0x0000008102efe700
Event: 6.364 Thread 0x000002484c2e83a0 DEOPT UNPACKING pc=0x000002484fa023a3 sp=0x0000008102efe608 mode 2

Classes unloaded (0 events):
No events

Classes redefined (0 events):
No events

Internal exceptions (20 events):
Event: 3.054 Thread 0x00000248657c5730 Exception <a 'java/net/SocketException'{0x00000000c4742c00}: Socket is not connected: shutdown> (0x00000000c4742c00) 
thrown [s\src\hotspot\share\prims\jni.cpp, line 535]
Event: 3.398 Thread 0x00000248657c5730 Exception <a 'java/net/ConnectException'{0x00000000c4743b28}: Connection refused: no further information> (0x00000000c4743b28) 
thrown [s\src\hotspot\share\prims\jni.cpp, line 535]
Event: 3.398 Thread 0x00000248657c5730 Exception <a 'java/net/SocketException'{0x00000000c4743e60}: Socket is not connected: shutdown> (0x00000000c4743e60) 
thrown [s\src\hotspot\share\prims\jni.cpp, line 535]
Event: 3.728 Thread 0x00000248657c5730 Exception <a 'java/net/ConnectException'{0x00000000c47452d8}: Connection refused: no further information> (0x00000000c47452d8) 
thrown [s\src\hotspot\share\prims\jni.cpp, line 535]
Event: 3.728 Thread 0x00000248657c5730 Exception <a 'java/net/SocketException'{0x00000000c4745610}: Socket is not connected: shutdown> (0x00000000c4745610) 
thrown [s\src\hotspot\share\prims\jni.cpp, line 535]
Event: 4.153 Thread 0x000002484c2e83a0 Exception <a 'java/lang/NoSuchMethodError'{0x00000000c47a9a38}: 'int java.lang.invoke.DirectMethodHandle$Holder.invokeVirtual(java.lang.Object, java.lang.Object)'> (0x00000000c47a9a38) 
thrown [s\src\hotspot\share\interpreter\linkResolver.cpp, line 759]
Event: 4.156 Thread 0x000002484c2e83a0 Exception <a 'java/lang/NoSuchMethodError'{0x00000000c47aff20}: 'double java.lang.invoke.DirectMethodHandle$Holder.invokeVirtual(java.lang.Object, java.lang.Object)'> (0x00000000c47aff20) 
thrown [s\src\hotspot\share\interpreter\linkResolver.cpp, line 759]
Event: 4.158 Thread 0x000002484c2e83a0 Exception <a 'java/lang/NoSuchMethodError'{0x00000000c47b66c8}: 'float java.lang.invoke.DirectMethodHandle$Holder.invokeVirtual(java.lang.Object, java.lang.Object)'> (0x00000000c47b66c8) 
thrown [s\src\hotspot\share\interpreter\linkResolver.cpp, line 759]
Event: 4.161 Thread 0x000002484c2e83a0 Exception <a 'java/lang/NoSuchMethodError'{0x00000000c47bf5e8}: 'long java.lang.invoke.DirectMethodHandle$Holder.invokeVirtual(java.lang.Object, java.lang.Object)'> (0x00000000c47bf5e8) 
thrown [s\src\hotspot\share\interpreter\linkResolver.cpp, line 759]
Event: 4.180 Thread 0x000002484c2e83a0 Exception <a 'java/lang/NoSuchMethodError'{0x00000000c47ed150}: 'void java.lang.invoke.DirectMethodHandle$Holder.invokeStatic(java.lang.Object, java.lang.Object, java.lang.Object)'> (0x00000000c47ed150) 
thrown [s\src\hotspot\share\interpreter\linkResolver.cpp, line 759]
Event: 4.325 Thread 0x000002484c2e83a0 Exception <a 'java/lang/NoSuchMethodError'{0x00000000c5b1c500}: 'java.lang.Object java.lang.invoke.DirectMethodHandle$Holder.newInvokeSpecial(java.lang.Object, java.lang.Object, int, int)'> (0x00000000c5b1c500) 
thrown [s\src\hotspot\share\interpreter\linkResolver.cpp, line 759]
Event: 4.326 Thread 0x000002484c2e83a0 Exception <a 'java/lang/NoSuchMethodError'{0x00000000c5b26fa0}: 'void java.lang.invoke.DirectMethodHandle$Holder.invokeStatic(java.lang.Object, java.lang.Object, int)'> (0x00000000c5b26fa0) 
thrown [s\src\hotspot\share\interpreter\linkResolver.cpp, line 759]
Event: 4.392 Thread 0x000002484c2e83a0 Exception <a 'java/lang/NoSuchMethodError'{0x00000000c5a84808}: 'java.lang.Object java.lang.invoke.DirectMethodHandle$Holder.newInvokeSpecial(java.lang.Object, java.lang.Object, java.lang.Object, java.lang.Object, java.lang.Object)'> (0x00000000c5a84808) 
thrown [s\src\hotspot\share\interpreter\linkResolver.cpp, line 759]
Event: 4.509 Thread 0x000002484c2e83a0 Exception <a 'java/lang/NoSuchMethodError'{0x00000000c58dc320}: 'void java.lang.invoke.DirectMethodHandle$Holder.invokeSpecial(java.lang.Object, java.lang.Object, java.lang.Object)'> (0x00000000c58dc320) 
thrown [s\src\hotspot\share\interpreter\linkResolver.cpp, line 759]
Event: 4.512 Thread 0x000002484c2e83a0 Exception <a 'java/lang/NoSuchMethodError'{0x00000000c58e96a0}: 'void java.lang.invoke.DirectMethodHandle$Holder.invokeStatic(java.lang.Object, java.lang.Object, java.lang.Object, java.lang.Object)'> (0x00000000c58e96a0) 
thrown [s\src\hotspot\share\interpreter\linkResolver.cpp, line 759]
Event: 4.595 Thread 0x00000248657c4d90 Exception <a 'java/lang/NoSuchMethodError'{0x00000000c5b5a860}: 'java.lang.Object java.lang.invoke.DirectMethodHandle$Holder.invokeSpecial(java.lang.Object, java.lang.Object, java.lang.Object, java.lang.Object, int)'> (0x00000000c5b5a860) 
thrown [s\src\hotspot\share\interpreter\linkResolver.cpp, line 759]
Event: 4.596 Thread 0x00000248657c4d90 Exception <a 'java/lang/NoSuchMethodError'{0x00000000c5b5e428}: 'java.lang.Object java.lang.invoke.Invokers$Holder.linkToTargetMethod(java.lang.Object, java.lang.Object, int, java.lang.Object)'> (0x00000000c5b5e428) 
thrown [s\src\hotspot\share\interpreter\linkResolver.cpp, line 759]
Event: 4.641 Thread 0x00000248657c4d90 Exception <a 'java/lang/NoSuchMethodError'{0x00000000c40a7668}: 'void java.lang.invoke.DirectMethodHandle$Holder.invokeSpecial(java.lang.Object, java.lang.Object, java.lang.Object, java.lang.Object, java.lang.Object)'> (0x00000000c40a7668) 
thrown [s\src\hotspot\share\interpreter\linkResolver.cpp, line 759]
Event: 6.118 Thread 0x00000248657c5260 Exception <a 'java/lang/NoSuchMethodError'{0x00000000c3e9a2f0}: 'void java.lang.invoke.DirectMethodHandle$Holder.invokeSpecial(java.lang.Object, java.lang.Object, java.lang.Object, java.lang.Object, java.lang.Object, java.lang.Object, java.lang.Object)'> (0x00000000c3e9a2f0) 
thrown [s\src\hotspot\share\interpreter\linkResolver.cpp, line 759]
Event: 6.304 Thread 0x000002484c2e83a0 Exception <a 'java/lang/NoSuchMethodError'{0x00000000c3c95840}: 'java.lang.Object java.lang.invoke.DirectMethodHandle$Holder.invokeSpecialIFC(java.lang.Object, java.lang.Object, java.lang.Object)'> (0x00000000c3c95840) 
thrown [s\src\hotspot\share\interpreter\linkResolver.cpp, line 759]

VM Operations (20 events):
Event: 3.085 Executing VM operation: Cleanup
Event: 3.085 Executing VM operation: Cleanup done
Event: 4.072 Executing VM operation: HandshakeAllThreads
Event: 4.072 Executing VM operation: HandshakeAllThreads done
Event: 4.080 Executing VM operation: HandshakeAllThreads
Event: 4.080 Executing VM operation: HandshakeAllThreads done
Event: 4.292 Executing VM operation: G1CollectForAllocation
Event: 4.312 Executing VM operation: G1CollectForAllocation done
Event: 4.464 Executing VM operation: HandshakeAllThreads
Event: 4.464 Executing VM operation: HandshakeAllThreads done
Event: 4.571 Executing VM operation: CollectForMetadataAllocation
Event: 4.576 Executing VM operation: CollectForMetadataAllocation done
Event: 4.603 Executing VM operation: G1Concurrent
Event: 4.606 Executing VM operation: G1Concurrent done
Event: 4.617 Executing VM operation: G1Concurrent
Event: 4.617 Executing VM operation: G1Concurrent done
Event: 5.631 Executing VM operation: Cleanup
Event: 5.631 Executing VM operation: Cleanup done
Event: 6.081 Executing VM operation: HandshakeAllThreads
Event: 6.081 Executing VM operation: HandshakeAllThreads done

Events (20 events):
Event: 6.101 loading class java/util/function/LongConsumer
Event: 6.102 loading class java/util/function/LongConsumer done
Event: 6.102 loading class java/util/stream/Sink$OfLong done
Event: 6.102 loading class java/util/stream/FindOps$FindSink$OfLong done
Event: 6.102 loading class java/util/OptionalLong
Event: 6.102 loading class java/util/OptionalLong done
Event: 6.105 loading class java/util/stream/ReferencePipeline$5$1
Event: 6.105 loading class java/util/stream/ReferencePipeline$5$1 done
Event: 6.214 loading class java/util/DualPivotQuicksort
Event: 6.215 loading class java/util/DualPivotQuicksort done
Event: 6.299 loading class java/math/MathContext
Event: 6.299 loading class java/math/MathContext done
Event: 6.409 Thread 0x00000248657c5c00 Thread added: 0x00000248657c5c00
Event: 6.412 Thread 0x00000248657c7410 Thread added: 0x00000248657c7410
Event: 6.414 Thread 0x00000248657c3f20 Thread added: 0x00000248657c3f20
Event: 6.415 Thread 0x00000248643869c0 Thread added: 0x00000248643869c0
Event: 6.428 loading class java/util/concurrent/locks/ReentrantReadWriteLock$FairSync
Event: 6.428 loading class java/util/concurrent/locks/ReentrantReadWriteLock$FairSync done
Event: 6.449 loading class sun/net/www/HeaderParser
Event: 6.449 loading class sun/net/www/HeaderParser done


Dynamic libraries:
0x00007ff7fd350000 - 0x00007ff7fd35e000 	C:\Automation\Softwares\eclipse-java-2022-09-R-win32-x86_64\eclipse\plugins\org.eclipse.justj.openjdk.hotspot.jre.full.win32.x86_64_17.0.4.v20220903-1038\jre\bin\javaw.exe
0x00007ff9c7190000 - 0x00007ff9c7385000 	C:\Windows\SYSTEM32\ntdll.dll
0x00007ff9c7030000 - 0x00007ff9c70ed000 	C:\Windows\System32\KERNEL32.DLL
0x00007ff9c4990000 - 0x00007ff9c4c58000 	C:\Windows\System32\KERNELBASE.dll
0x00007ff9c4d10000 - 0x00007ff9c4e10000 	C:\Windows\System32\ucrtbase.dll
0x00007ff9c0370000 - 0x00007ff9c0388000 	C:\Automation\Softwares\eclipse-java-2022-09-R-win32-x86_64\eclipse\plugins\org.eclipse.justj.openjdk.hotspot.jre.full.win32.x86_64_17.0.4.v20220903-1038\jre\bin\jli.dll
0x00007ff9c0030000 - 0x00007ff9c0049000 	C:\Automation\Softwares\eclipse-java-2022-09-R-win32-x86_64\eclipse\plugins\org.eclipse.justj.openjdk.hotspot.jre.full.win32.x86_64_17.0.4.v20220903-1038\jre\bin\VCRUNTIME140.dll
0x00007ff9c60f0000 - 0x00007ff9c6290000 	C:\Windows\System32\USER32.dll
0x00007ff9c4930000 - 0x00007ff9c4952000 	C:\Windows\System32\win32u.dll
0x00007ff9c69c0000 - 0x00007ff9c69ea000 	C:\Windows\System32\GDI32.dll
0x00007ff9c4e90000 - 0x00007ff9c4f9b000 	C:\Windows\System32\gdi32full.dll
0x00007ff9c5100000 - 0x00007ff9c519d000 	C:\Windows\System32\msvcp_win.dll
0x00007ff9ae9f0000 - 0x00007ff9aec8a000 	C:\Windows\WinSxS\amd64_microsoft.windows.common-controls_6595b64144ccf1df_6.0.19041.844_none_ca00b6081b84eb1d\COMCTL32.dll
0x00007ff9c6920000 - 0x00007ff9c69be000 	C:\Windows\System32\msvcrt.dll
0x00007ff9c58b0000 - 0x00007ff9c58e0000 	C:\Windows\System32\IMM32.DLL
0x00007ff9c02a0000 - 0x00007ff9c02ac000 	C:\Automation\Softwares\eclipse-java-2022-09-R-win32-x86_64\eclipse\plugins\org.eclipse.justj.openjdk.hotspot.jre.full.win32.x86_64_17.0.4.v20220903-1038\jre\bin\vcruntime140_1.dll
0x00007ff9b30a0000 - 0x00007ff9b3131000 	C:\Automation\Softwares\eclipse-java-2022-09-R-win32-x86_64\eclipse\plugins\org.eclipse.justj.openjdk.hotspot.jre.full.win32.x86_64_17.0.4.v20220903-1038\jre\bin\msvcp140.dll
0x00007ff9711a0000 - 0x00007ff971de6000 	C:\Automation\Softwares\eclipse-java-2022-09-R-win32-x86_64\eclipse\plugins\org.eclipse.justj.openjdk.hotspot.jre.full.win32.x86_64_17.0.4.v20220903-1038\jre\bin\server\jvm.dll
0x00007ff9c6030000 - 0x00007ff9c60dc000 	C:\Windows\System32\ADVAPI32.dll
0x00007ff9c6f90000 - 0x00007ff9c702b000 	C:\Windows\System32\sechost.dll
0x00007ff9c5320000 - 0x00007ff9c544b000 	C:\Windows\System32\RPCRT4.dll
0x00007ff9c5260000 - 0x00007ff9c5268000 	C:\Windows\System32\PSAPI.DLL
0x00007ff9c04d0000 - 0x00007ff9c04d9000 	C:\Windows\SYSTEM32\WSOCK32.dll
0x00007ff9c6790000 - 0x00007ff9c67fb000 	C:\Windows\System32\WS2_32.dll
0x00007ff9b8680000 - 0x00007ff9b86a7000 	C:\Windows\SYSTEM32\WINMM.dll
0x00007ff9b5c50000 - 0x00007ff9b5c5a000 	C:\Windows\SYSTEM32\VERSION.dll
0x00007ff9c2810000 - 0x00007ff9c2822000 	C:\Windows\SYSTEM32\kernel.appcore.dll
0x00007ff9c0020000 - 0x00007ff9c002a000 	C:\Automation\Softwares\eclipse-java-2022-09-R-win32-x86_64\eclipse\plugins\org.eclipse.justj.openjdk.hotspot.jre.full.win32.x86_64_17.0.4.v20220903-1038\jre\bin\jimage.dll
0x00007ff9b40a0000 - 0x00007ff9b4284000 	C:\Windows\SYSTEM32\DBGHELP.DLL
0x00007ff9b4070000 - 0x00007ff9b409c000 	C:\Windows\SYSTEM32\dbgcore.DLL
0x00007ff9c4e10000 - 0x00007ff9c4e90000 	C:\Windows\System32\bcryptPrimitives.dll
0x00007ff9bd450000 - 0x00007ff9bd475000 	C:\Automation\Softwares\eclipse-java-2022-09-R-win32-x86_64\eclipse\plugins\org.eclipse.justj.openjdk.hotspot.jre.full.win32.x86_64_17.0.4.v20220903-1038\jre\bin\java.dll
0x00007ff9beb20000 - 0x00007ff9beb38000 	C:\Automation\Softwares\eclipse-java-2022-09-R-win32-x86_64\eclipse\plugins\org.eclipse.justj.openjdk.hotspot.jre.full.win32.x86_64_17.0.4.v20220903-1038\jre\bin\zip.dll
0x00007ff9c58e0000 - 0x00007ff9c6022000 	C:\Windows\System32\SHELL32.dll
0x00007ff9c2a10000 - 0x00007ff9c31a1000 	C:\Windows\SYSTEM32\windows.storage.dll
0x00007ff9c6430000 - 0x00007ff9c6785000 	C:\Windows\System32\combase.dll
0x00007ff9c42d0000 - 0x00007ff9c42fc000 	C:\Windows\SYSTEM32\Wldp.dll
0x00007ff9c5270000 - 0x00007ff9c531e000 	C:\Windows\System32\SHCORE.dll
0x00007ff9c51f0000 - 0x00007ff9c5245000 	C:\Windows\System32\shlwapi.dll
0x00007ff9c4810000 - 0x00007ff9c482f000 	C:\Windows\SYSTEM32\profapi.dll
0x00007ff9bca30000 - 0x00007ff9bca49000 	C:\Automation\Softwares\eclipse-java-2022-09-R-win32-x86_64\eclipse\plugins\org.eclipse.justj.openjdk.hotspot.jre.full.win32.x86_64_17.0.4.v20220903-1038\jre\bin\net.dll
0x00007ff9be3b0000 - 0x00007ff9be4bb000 	C:\Windows\SYSTEM32\WINHTTP.dll
0x00007ff9c3fe0000 - 0x00007ff9c404a000 	C:\Windows\system32\mswsock.dll
0x00007ff9b8f00000 - 0x00007ff9b8f15000 	C:\Automation\Softwares\eclipse-java-2022-09-R-win32-x86_64\eclipse\plugins\org.eclipse.justj.openjdk.hotspot.jre.full.win32.x86_64_17.0.4.v20220903-1038\jre\bin\nio.dll
0x00007ff9bd280000 - 0x00007ff9bd290000 	C:\Automation\Softwares\eclipse-java-2022-09-R-win32-x86_64\eclipse\plugins\org.eclipse.justj.openjdk.hotspot.jre.full.win32.x86_64_17.0.4.v20220903-1038\jre\bin\verify.dll
0x00007ff9bc5d0000 - 0x00007ff9bc5de000 	C:\Automation\Softwares\eclipse-java-2022-09-R-win32-x86_64\eclipse\plugins\org.eclipse.justj.openjdk.hotspot.jre.full.win32.x86_64_17.0.4.v20220903-1038\jre\bin\sunmscapi.dll
0x00007ff9c4fa0000 - 0x00007ff9c50ff000 	C:\Windows\System32\CRYPT32.dll
0x00007ff9c43b0000 - 0x00007ff9c43d7000 	C:\Windows\SYSTEM32\ncrypt.dll
0x00007ff9c4320000 - 0x00007ff9c435b000 	C:\Windows\SYSTEM32\NTASN1.dll
0x00007ff9c4210000 - 0x00007ff9c4228000 	C:\Windows\SYSTEM32\CRYPTSP.dll
0x00007ff9c3980000 - 0x00007ff9c39b4000 	C:\Windows\system32\rsaenh.dll
0x00007ff9c4960000 - 0x00007ff9c4987000 	C:\Windows\System32\bcrypt.dll
0x00007ff9c4790000 - 0x00007ff9c47be000 	C:\Windows\SYSTEM32\USERENV.dll
0x00007ff9c4230000 - 0x00007ff9c423c000 	C:\Windows\SYSTEM32\CRYPTBASE.dll
0x00007ff9c3cd0000 - 0x00007ff9c3d0b000 	C:\Windows\SYSTEM32\IPHLPAPI.DLL
0x00007ff9c5250000 - 0x00007ff9c5258000 	C:\Windows\System32\NSI.dll
0x00007ff9bbe10000 - 0x00007ff9bbe27000 	C:\Windows\SYSTEM32\dhcpcsvc6.DLL
0x00007ff9bcd00000 - 0x00007ff9bcd1d000 	C:\Windows\SYSTEM32\dhcpcsvc.DLL
0x00007ff9c3d10000 - 0x00007ff9c3ddc000 	C:\Windows\SYSTEM32\DNSAPI.dll
0x00007ff9b8e50000 - 0x00007ff9b8e5a000 	C:\Windows\System32\rasadhlp.dll
0x00007ff9b9740000 - 0x00007ff9b97bf000 	C:\Windows\System32\fwpuclnt.dll
0x00007ff9be000000 - 0x00007ff9be007000 	C:\Windows\system32\wshunix.dll

dbghelp: loaded successfully - version: 4.0.5 - missing functions: none
symbol engine: initialized successfully - sym options: 0x614 - pdb path: .;C:\Automation\Softwares\eclipse-java-2022-09-R-win32-x86_64\eclipse\plugins\org.eclipse.justj.openjdk.hotspot.jre.full.win32.x86_64_17.0.4.v20220903-1038\jre\bin;C:\Windows\SYSTEM32;C:\Windows\WinSxS\amd64_microsoft.windows.common-controls_6595b64144ccf1df_6.0.19041.844_none_ca00b6081b84eb1d;C:\Automation\Softwares\eclipse-java-2022-09-R-win32-x86_64\eclipse\plugins\org.eclipse.justj.openjdk.hotspot.jre.full.win32.x86_64_17.0.4.v20220903-1038\jre\bin\server

VM Arguments:
jvm_args: -Dfile.encoding=UTF-8 -XX:+ShowCodeDetailsInExceptionMessages 
java_command: day02aug.Example3
java_class_path (initial): C:\Automation\Workspace\MavenProject\target\test-classes;C:\Automation\Workspace\MavenProject\target\classes;C:\Users\Lenovo-PC\.m2\repository\org\seleniumhq\selenium\selenium-java\4.16.1\selenium-java-4.16.1.jar;C:\Users\Lenovo-PC\.m2\repository\org\seleniumhq\selenium\selenium-api\4.16.1\selenium-api-4.16.1.jar;C:\Users\Lenovo-PC\.m2\repository\org\seleniumhq\selenium\selenium-chrome-driver\4.16.1\selenium-chrome-driver-4.16.1.jar;C:\Users\Lenovo-PC\.m2\repository\com\google\auto\service\auto-service-annotations\1.1.1\auto-service-annotations-1.1.1.jar;C:\Users\Lenovo-PC\.m2\repository\org\seleniumhq\selenium\selenium-chromium-driver\4.16.1\selenium-chromium-driver-4.16.1.jar;C:\Users\Lenovo-PC\.m2\repository\org\seleniumhq\selenium\selenium-json\4.16.1\selenium-json-4.16.1.jar;C:\Users\Lenovo-PC\.m2\repository\org\seleniumhq\selenium\selenium-manager\4.16.1\selenium-manager-4.16.1.jar;C:\Users\Lenovo-PC\.m2\repository\org\seleniumhq\selenium\selenium-devtools-v118\4.16.1\selenium-devtools-v118-4.16.1.jar;C:\Users\Lenovo-PC\.m2\repository\org\seleniumhq\selenium\selenium-devtools-v119\4.16.1\selenium-devtools-v119-4.16.1.jar;C:\Users\Lenovo-PC\.m2\repository\org\seleniumhq\selenium\selenium-devtools-v120\4.16.1\selenium-devtools-v120-4.16.1.jar;C:\Users\Lenovo-PC\.m2\repository\org\seleniumhq\selenium\selenium-devtools-v85\4.16.1\selenium-devtools-v85-4.16.1.jar;C:\Users\Lenovo-PC\.m2\repository\org\seleniumhq\selenium\selenium-edge-driver\4.16.1\selenium-edge-driver-4.16.1.jar;C:\Users\Lenovo-PC\.m2\repository\org\seleniumhq\selenium\selenium-firefox-driver\4.16.1\selenium-firefox-driver-4.16.1.jar;C:\Users\Lenovo-PC\.m2\repository\org\seleniumhq\selenium\selenium-http\4.16.1\selenium-http-4.16.1.jar;C:\Users\Lenovo-PC\.m2\repository\dev\failsafe\failsafe\3.3.2\failsafe-3.3.2.jar;C:\Users\Lenovo-PC\.m2\repository\org\seleniumhq\selenium\selenium-ie-driver\4.16.1\selenium-ie-driver-4.16.1.jar;C:\Users\Lenovo-PC\.m2\repository\org\selen
Launcher Type: SUN_STANDARD

[Global flags]
     intx CICompilerCount                          = 3                                         {product} {ergonomic}
     uint ConcGCThreads                            = 1                                         {product} {ergonomic}
     uint G1ConcRefinementThreads                  = 4                                         {product} {ergonomic}
   size_t G1HeapRegionSize                         = 1048576                                   {product} {ergonomic}
    uintx GCDrainStackTargetSize                   = 64                                        {product} {ergonomic}
   size_t InitialHeapSize                          = 67108864                                  {product} {ergonomic}
   size_t MarkStackSize                            = 4194304                                   {product} {ergonomic}
   size_t MaxHeapSize                              = 1044381696                                {product} {ergonomic}
   size_t MaxNewSize                               = 625999872                                 {product} {ergonomic}
   size_t MinHeapDeltaBytes                        = 1048576                                   {product} {ergonomic}
   size_t MinHeapSize                              = 8388608                                   {product} {ergonomic}
    uintx NonNMethodCodeHeapSize                   = 5832780                                {pd product} {ergonomic}
    uintx NonProfiledCodeHeapSize                  = 122912730                              {pd product} {ergonomic}
    uintx ProfiledCodeHeapSize                     = 122912730                              {pd product} {ergonomic}
    uintx ReservedCodeCacheSize                    = 251658240                              {pd product} {ergonomic}
     bool SegmentedCodeCache                       = true                                      {product} {ergonomic}
     bool ShowCodeDetailsInExceptionMessages       = true                                   {manageable} {command line}
   size_t SoftMaxHeapSize                          = 1044381696                             {manageable} {ergonomic}
     bool UseCompressedClassPointers               = true                           {product lp64_product} {ergonomic}
     bool UseCompressedOops                        = true                           {product lp64_product} {ergonomic}
     bool UseG1GC                                  = true                                      {product} {ergonomic}
     bool UseLargePagesIndividualAllocation        = false                                  {pd product} {ergonomic}

Logging:
Log output configuration:
 #0: stdout all=warning uptime,level,tags
 #1: stderr all=off uptime,level,tags

Environment Variables:
PATH=C:/Automation/Softwares/eclipse-java-2022-09-R-win32-x86_64/eclipse//plugins/org.eclipse.justj.openjdk.hotspot.jre.full.win32.x86_64_17.0.4.v20220903-1038/jre/bin/server;C:/Automation/Softwares/eclipse-java-2022-09-R-win32-x86_64/eclipse//plugins/org.eclipse.justj.openjdk.hotspot.jre.full.win32.x86_64_17.0.4.v20220903-1038/jre/bin;C:\Program Files\Common Files\Oracle\Java\javapath;C:\Windows\system32;C:\Windows;C:\Windows\System32\Wbem;C:\Windows\System32\WindowsPowerShell\v1.0\;C:\Windows\System32\OpenSSH\;C:\Program Files\Java\jdk-17\bin;C:\Automation\Softwares\apache-maven-3.9.8\bin;C:\Program Files\Google\Chrome\Application;C:\Users\Lenovo-PC\AppData\Local\Microsoft\WindowsApps;;C:\Automation\Softwares\eclipse-java-2022-09-R-win32-x86_64\eclipse;
USERNAME=Lenovo-PC
OS=Windows_NT
PROCESSOR_IDENTIFIER=Intel64 Family 6 Model 78 Stepping 3, GenuineIntel
TMP=C:\Users\LENOVO~1\AppData\Local\Temp
TEMP=C:\Users\LENOVO~1\AppData\Local\Temp



---------------  S Y S T E M  ---------------

OS:
 Windows 10 , 64 bit Build 19041 (10.0.19041.928)
OS uptime: 16 days 7:07 hours

CPU: total 4 (initial active 4) (2 cores per cpu, 2 threads per core) family 6 model 78 stepping 3 microcode 0xcc, cx8, cmov, fxsr, ht, mmx, 3dnowpref, sse, sse2, sse3, ssse3, sse4.1, sse4.2, popcnt, lzcnt, tsc, tscinvbit, avx, avx2, aes, erms, clmul, bmi1, bmi2, adx, fma, vzeroupper, clflush, clflushopt

Memory: 4k page, system-wide physical 3977M (254M free)
TotalPageFile size 16265M (AvailPageFile size 3M)
current process WorkingSet (physical memory assigned to process): 98M, peak: 101M
current process commit charge ("private bytes"): 143M, peak: 160M

vm_info: OpenJDK 64-Bit Server VM (17.0.4.1+1) for windows-amd64 JRE (17.0.4.1+1), built on Aug 17 2022 07:42:43 by "temurin" with MS VC++ 16.7 (VS2019)

END.
